<?xml version="1.0" encoding="UTF-8"?>
<!-- Generated by org.testng.reporters.JUnitReportReporter -->
<testsuite skipped="0" hostname="SOUMENDRA-PC" name="testcasepaypal.TC001_PayPalSignUp" tests="1" failures="0" timestamp="27 May 2018 13:58:18 GMT" time="16.205" errors="0">
  <testcase name="PayPalSignUp" time="16.205" classname="testcasepaypal.TC001_PayPalSignUp"/>
</testsuite> <!-- testcasepaypal.TC001_PayPalSignUp -->
