<?xml version="1.0" encoding="UTF-8"?>
<!-- Generated by org.testng.reporters.JUnitReportReporter -->
<testsuite skipped="0" hostname="SOUMENDRA-PC" name="testcases.TC005_MergeLead" tests="1" failures="0" timestamp="08 May 2018 17:43:19 GMT" time="33.314" errors="0">
  <testcase name="CreateLead" time="33.314" classname="testcases.TC005_MergeLead"/>
</testsuite> <!-- testcases.TC005_MergeLead -->
