<?xml version="1.0" encoding="UTF-8"?>
<!-- Generated by org.testng.reporters.JUnitReportReporter -->
<testsuite skipped="0" hostname="SOUMENDRA-PC" name="testcases.TC006_DuplicateLead" tests="1" failures="0" timestamp="09 May 2018 18:06:30 GMT" time="35.327" errors="0">
  <testcase name="CreateLead" time="35.327" classname="testcases.TC006_DuplicateLead"/>
</testsuite> <!-- testcases.TC006_DuplicateLead -->
