<?xml version="1.0" encoding="UTF-8"?>
<!-- Generated by org.testng.reporters.JUnitReportReporter -->
<testsuite skipped="0" hostname="SOUMENDRA-PC" name="testcases.TC004_EditLead" tests="2" failures="0" timestamp="06 May 2018 15:31:29 GMT" time="55.943" errors="0">
  <testcase name="CreateLead" time="28.117" classname="testcases.TC004_EditLead"/>
  <testcase name="CreateLead" time="27.826" classname="testcases.TC004_EditLead"/>
</testsuite> <!-- testcases.TC004_EditLead -->
