<?xml version="1.0" encoding="UTF-8"?>
<!-- Generated by org.testng.reporters.JUnitReportReporter -->
<testsuite skipped="0" hostname="SOUMENDRA-PC" name="testcases.TC007_DeleteLead" tests="1" failures="0" timestamp="13 May 2018 14:11:18 GMT" time="27.010" errors="0">
  <testcase name="CreateLead" time="27.010" classname="testcases.TC007_DeleteLead"/>
</testsuite> <!-- testcases.TC007_DeleteLead -->
