<?xml version="1.0" encoding="UTF-8"?>
<!-- Generated by org.testng.reporters.JUnitReportReporter -->
<testsuite skipped="0" hostname="SOUMENDRA-PC" name="testcases.TC003_CreateLead" tests="2" failures="0" timestamp="06 May 2018 14:16:31 GMT" time="122.295" errors="0">
  <testcase name="CreateLead" time="64.957" classname="testcases.TC003_CreateLead"/>
  <testcase name="CreateLead" time="57.338" classname="testcases.TC003_CreateLead"/>
</testsuite> <!-- testcases.TC003_CreateLead -->
